Performing C SOURCE FILE Test HAVE_STD_C11 failed with the following output:
Change Dir: C:/Users/Computer/source/repos/EasonHu2022/QUASARTS/project/QUASARTS/ThirdParty/OpenAL/out/build/x64-Debug/CMakeFiles/CMakeTmp

Run Build Command(s):C:/Program Files (x86)/Microsoft Visual Studio/2022/Community/Common7/IDE/CommonExtensions/Microsoft/CMake/Ninja/ninja.exe cmTC_26d30 && [1/2] Building C object CMakeFiles\cmTC_26d30.dir\src.c.obj
cl : Command line warning D9002 : ignoring unknown option '-std=c11'
[2/2] Linking C executable cmTC_26d30.exe


Source file was:
int main(void) { return 0; }
Performing C SOURCE FILE Test HAVE_STD_C99 failed with the following output:
Change Dir: C:/Users/Computer/source/repos/EasonHu2022/QUASARTS/project/QUASARTS/ThirdParty/OpenAL/out/build/x64-Debug/CMakeFiles/CMakeTmp

Run Build Command(s):C:/Program Files (x86)/Microsoft Visual Studio/2022/Community/Common7/IDE/CommonExtensions/Microsoft/CMake/Ninja/ninja.exe cmTC_5c96b && [1/2] Building C object CMakeFiles\cmTC_5c96b.dir\src.c.obj
cl : Command line warning D9002 : ignoring unknown option '-std=c99'
[2/2] Linking C executable cmTC_5c96b.exe


Source file was:
int main(void) { return 0; }
Performing C++ SOURCE FILE Test HAVE_STD_CXX11 failed with the following output:
Change Dir: C:/Users/Computer/source/repos/EasonHu2022/QUASARTS/project/QUASARTS/ThirdParty/OpenAL/out/build/x64-Debug/CMakeFiles/CMakeTmp

Run Build Command(s):C:/Program Files (x86)/Microsoft Visual Studio/2022/Community/Common7/IDE/CommonExtensions/Microsoft/CMake/Ninja/ninja.exe cmTC_039a8 && [1/2] Building CXX object CMakeFiles\cmTC_039a8.dir\src.cxx.obj
cl : Command line warning D9002 : ignoring unknown option '-std=c++11'
[2/2] Linking CXX executable cmTC_039a8.exe


Source file was:
int main() { return 0; }
Performing C SOURCE FILE Test HAVE_LIBATOMIC failed with the following output:
Change Dir: C:/Users/Computer/source/repos/EasonHu2022/QUASARTS/project/QUASARTS/ThirdParty/OpenAL/out/build/x64-Debug/CMakeFiles/CMakeTmp

Run Build Command(s):C:/Program Files (x86)/Microsoft Visual Studio/2022/Community/Common7/IDE/CommonExtensions/Microsoft/CMake/Ninja/ninja.exe cmTC_a68cd && [1/2] Building C object CMakeFiles\cmTC_a68cd.dir\src.c.obj
FAILED: CMakeFiles/cmTC_a68cd.dir/src.c.obj 
C:\PROGRA~2\MICROS~3\2022\COMMUN~1\VC\Tools\MSVC\1430~1.307\bin\Hostx64\x64\cl.exe  /nologo -DHAVE_LIBATOMIC  /DWIN32 /D_WINDOWS /W3  -D_LARGEFILE_SOURCE -D_LARGE_FILES /MDd /Zi /Ob0 /Od /RTC1 /showIncludes /FoCMakeFiles\cmTC_a68cd.dir\src.c.obj /FdCMakeFiles\cmTC_a68cd.dir\ /FS -c C:\Users\Computer\source\repos\EasonHu2022\QUASARTS\project\QUASARTS\ThirdParty\OpenAL\out\build\x64-Debug\CMakeFiles\CMakeTmp\src.c
C:\Users\Computer\source\repos\EasonHu2022\QUASARTS\project\QUASARTS\ThirdParty\OpenAL\out\build\x64-Debug\CMakeFiles\CMakeTmp\src.c(1): fatal error C1083: Cannot open include file: 'stdatomic.h': No such file or directory
ninja: build stopped: subcommand failed.


Source file was:
#include <stdatomic.h>
int _Atomic foo = ATOMIC_VAR_INIT(0);
int main()
{
    return atomic_fetch_add(&foo, 2);
}
Determining if the function __android_log_print exists in the log failed with the following output:
Change Dir: C:/Users/Computer/source/repos/EasonHu2022/QUASARTS/project/QUASARTS/ThirdParty/OpenAL/out/build/x64-Debug/CMakeFiles/CMakeTmp

Run Build Command(s):C:/Program Files (x86)/Microsoft Visual Studio/2022/Community/Common7/IDE/CommonExtensions/Microsoft/CMake/Ninja/ninja.exe cmTC_0b504 && [1/2] Building C object CMakeFiles\cmTC_0b504.dir\CheckFunctionExists.c.obj
[2/2] Linking C executable cmTC_0b504.exe
FAILED: cmTC_0b504.exe 
cmd.exe /C "cd . && "C:\Program Files (x86)\Microsoft Visual Studio\2022\Community\Common7\IDE\CommonExtensions\Microsoft\CMake\CMake\bin\cmake.exe" -E vs_link_exe --intdir=CMakeFiles\cmTC_0b504.dir --rc=C:\PROGRA~2\WI3CF2~1\10\bin\100190~1.0\x64\rc.exe --mt=C:\PROGRA~2\WI3CF2~1\10\bin\100190~1.0\x64\mt.exe --manifests  -- C:\PROGRA~2\MICROS~3\2022\COMMUN~1\VC\Tools\MSVC\1430~1.307\bin\Hostx64\x64\link.exe /nologo CMakeFiles\cmTC_0b504.dir\CheckFunctionExists.c.obj  /out:cmTC_0b504.exe /implib:cmTC_0b504.lib /pdb:cmTC_0b504.pdb /version:0.0 /machine:x64  /debug /INCREMENTAL /subsystem:console  log.lib  kernel32.lib user32.lib gdi32.lib winspool.lib shell32.lib ole32.lib oleaut32.lib uuid.lib comdlg32.lib advapi32.lib && cd ."
LINK Pass 1: command "C:\PROGRA~2\MICROS~3\2022\COMMUN~1\VC\Tools\MSVC\1430~1.307\bin\Hostx64\x64\link.exe /nologo CMakeFiles\cmTC_0b504.dir\CheckFunctionExists.c.obj /out:cmTC_0b504.exe /implib:cmTC_0b504.lib /pdb:cmTC_0b504.pdb /version:0.0 /machine:x64 /debug /INCREMENTAL /subsystem:console log.lib kernel32.lib user32.lib gdi32.lib winspool.lib shell32.lib ole32.lib oleaut32.lib uuid.lib comdlg32.lib advapi32.lib /MANIFEST /MANIFESTFILE:CMakeFiles\cmTC_0b504.dir/intermediate.manifest CMakeFiles\cmTC_0b504.dir/manifest.res" failed (exit code 1104) with the following output:
LINK : fatal error LNK1104: cannot open file 'log.lib'
ninja: build stopped: subcommand failed.



Performing C SOURCE FILE Test HAVE_C11_STATIC_ASSERT failed with the following output:
Change Dir: C:/Users/Computer/source/repos/EasonHu2022/QUASARTS/project/QUASARTS/ThirdParty/OpenAL/out/build/x64-Debug/CMakeFiles/CMakeTmp

Run Build Command(s):C:/Program Files (x86)/Microsoft Visual Studio/2022/Community/Common7/IDE/CommonExtensions/Microsoft/CMake/Ninja/ninja.exe cmTC_f9a11 && [1/2] Building C object CMakeFiles\cmTC_f9a11.dir\src.c.obj
C:\Users\Computer\source\repos\EasonHu2022\QUASARTS\project\QUASARTS\ThirdParty\OpenAL\out\build\x64-Debug\CMakeFiles\CMakeTmp\src.c(3): warning C4013: '_Static_assert' undefined; assuming extern returning int
[2/2] Linking C executable cmTC_f9a11.exe
FAILED: cmTC_f9a11.exe 
cmd.exe /C "cd . && "C:\Program Files (x86)\Microsoft Visual Studio\2022\Community\Common7\IDE\CommonExtensions\Microsoft\CMake\CMake\bin\cmake.exe" -E vs_link_exe --intdir=CMakeFiles\cmTC_f9a11.dir --rc=C:\PROGRA~2\WI3CF2~1\10\bin\100190~1.0\x64\rc.exe --mt=C:\PROGRA~2\WI3CF2~1\10\bin\100190~1.0\x64\mt.exe --manifests  -- C:\PROGRA~2\MICROS~3\2022\COMMUN~1\VC\Tools\MSVC\1430~1.307\bin\Hostx64\x64\link.exe /nologo CMakeFiles\cmTC_f9a11.dir\src.c.obj  /out:cmTC_f9a11.exe /implib:cmTC_f9a11.lib /pdb:cmTC_f9a11.pdb /version:0.0 /machine:x64  /debug /INCREMENTAL /subsystem:console  kernel32.lib user32.lib gdi32.lib winspool.lib shell32.lib ole32.lib oleaut32.lib uuid.lib comdlg32.lib advapi32.lib && cd ."
LINK Pass 1: command "C:\PROGRA~2\MICROS~3\2022\COMMUN~1\VC\Tools\MSVC\1430~1.307\bin\Hostx64\x64\link.exe /nologo CMakeFiles\cmTC_f9a11.dir\src.c.obj /out:cmTC_f9a11.exe /implib:cmTC_f9a11.lib /pdb:cmTC_f9a11.pdb /version:0.0 /machine:x64 /debug /INCREMENTAL /subsystem:console kernel32.lib user32.lib gdi32.lib winspool.lib shell32.lib ole32.lib oleaut32.lib uuid.lib comdlg32.lib advapi32.lib /MANIFEST /MANIFESTFILE:CMakeFiles\cmTC_f9a11.dir/intermediate.manifest CMakeFiles\cmTC_f9a11.dir/manifest.res" failed (exit code 1120) with the following output:
src.c.obj : error LNK2019: unresolved external symbol _Static_assert referenced in function main
cmTC_f9a11.exe : fatal error LNK1120: 1 unresolved externals
ninja: build stopped: subcommand failed.


Source file was:
int main()
 {
     _Static_assert(sizeof(int) == sizeof(int), "What");
     return 0;
 }
Performing C SOURCE FILE Test HAVE_C11_ALIGNAS failed with the following output:
Change Dir: C:/Users/Computer/source/repos/EasonHu2022/QUASARTS/project/QUASARTS/ThirdParty/OpenAL/out/build/x64-Debug/CMakeFiles/CMakeTmp

Run Build Command(s):C:/Program Files (x86)/Microsoft Visual Studio/2022/Community/Common7/IDE/CommonExtensions/Microsoft/CMake/Ninja/ninja.exe cmTC_4b571 && [1/2] Building C object CMakeFiles\cmTC_4b571.dir\src.c.obj
FAILED: CMakeFiles/cmTC_4b571.dir/src.c.obj 
C:\PROGRA~2\MICROS~3\2022\COMMUN~1\VC\Tools\MSVC\1430~1.307\bin\Hostx64\x64\cl.exe  /nologo -DHAVE_C11_ALIGNAS  /DWIN32 /D_WINDOWS /W3  -D_LARGEFILE_SOURCE -D_LARGE_FILES /MDd /Zi /Ob0 /Od /RTC1 /showIncludes /FoCMakeFiles\cmTC_4b571.dir\src.c.obj /FdCMakeFiles\cmTC_4b571.dir\ /FS -c C:\Users\Computer\source\repos\EasonHu2022\QUASARTS\project\QUASARTS\ThirdParty\OpenAL\out\build\x64-Debug\CMakeFiles\CMakeTmp\src.c
C:\Users\Computer\source\repos\EasonHu2022\QUASARTS\project\QUASARTS\ThirdParty\OpenAL\out\build\x64-Debug\CMakeFiles\CMakeTmp\src.c(1): error C2143: syntax error: missing ')' before 'constant'
C:\Users\Computer\source\repos\EasonHu2022\QUASARTS\project\QUASARTS\ThirdParty\OpenAL\out\build\x64-Debug\CMakeFiles\CMakeTmp\src.c(1): error C2143: syntax error: missing '{' before 'constant'
C:\Users\Computer\source\repos\EasonHu2022\QUASARTS\project\QUASARTS\ThirdParty\OpenAL\out\build\x64-Debug\CMakeFiles\CMakeTmp\src.c(1): error C2059: syntax error: 'constant'
C:\Users\Computer\source\repos\EasonHu2022\QUASARTS\project\QUASARTS\ThirdParty\OpenAL\out\build\x64-Debug\CMakeFiles\CMakeTmp\src.c(1): error C2059: syntax error: ')'
ninja: build stopped: subcommand failed.


Source file was:
_Alignas(16) int foo;
 int main()
 {
     return 0;
 }
Performing C SOURCE FILE Test HAVE_C11_ATOMIC failed with the following output:
Change Dir: C:/Users/Computer/source/repos/EasonHu2022/QUASARTS/project/QUASARTS/ThirdParty/OpenAL/out/build/x64-Debug/CMakeFiles/CMakeTmp

Run Build Command(s):C:/Program Files (x86)/Microsoft Visual Studio/2022/Community/Common7/IDE/CommonExtensions/Microsoft/CMake/Ninja/ninja.exe cmTC_de10e && [1/2] Building C object CMakeFiles\cmTC_de10e.dir\src.c.obj
FAILED: CMakeFiles/cmTC_de10e.dir/src.c.obj 
C:\PROGRA~2\MICROS~3\2022\COMMUN~1\VC\Tools\MSVC\1430~1.307\bin\Hostx64\x64\cl.exe  /nologo -DHAVE_C11_ATOMIC  /DWIN32 /D_WINDOWS /W3  -D_LARGEFILE_SOURCE -D_LARGE_FILES /MDd /Zi /Ob0 /Od /RTC1 /showIncludes /FoCMakeFiles\cmTC_de10e.dir\src.c.obj /FdCMakeFiles\cmTC_de10e.dir\ /FS -c C:\Users\Computer\source\repos\EasonHu2022\QUASARTS\project\QUASARTS\ThirdParty\OpenAL\out\build\x64-Debug\CMakeFiles\CMakeTmp\src.c
C:\Users\Computer\source\repos\EasonHu2022\QUASARTS\project\QUASARTS\ThirdParty\OpenAL\out\build\x64-Debug\CMakeFiles\CMakeTmp\src.c(1): fatal error C1083: Cannot open include file: 'stdatomic.h': No such file or directory
ninja: build stopped: subcommand failed.


Source file was:
#include <stdatomic.h>
 int _Atomic foo = ATOMIC_VAR_INIT(0);
 int main()
 {
     atomic_fetch_add(&foo, 2);
     return 0;
 }
Performing C SOURCE FILE Test HAVE_MSSE_SWITCH failed with the following output:
Change Dir: C:/Users/Computer/source/repos/EasonHu2022/QUASARTS/project/QUASARTS/ThirdParty/OpenAL/out/build/x64-Debug/CMakeFiles/CMakeTmp

Run Build Command(s):C:/Program Files (x86)/Microsoft Visual Studio/2022/Community/Common7/IDE/CommonExtensions/Microsoft/CMake/Ninja/ninja.exe cmTC_f824e && [1/2] Building C object CMakeFiles\cmTC_f824e.dir\src.c.obj
cl : Command line warning D9002 : ignoring unknown option '-msse'
[2/2] Linking C executable cmTC_f824e.exe


Source file was:
int main(void) { return 0; }
Performing C SOURCE FILE Test HAVE_MSSE2_SWITCH failed with the following output:
Change Dir: C:/Users/Computer/source/repos/EasonHu2022/QUASARTS/project/QUASARTS/ThirdParty/OpenAL/out/build/x64-Debug/CMakeFiles/CMakeTmp

Run Build Command(s):C:/Program Files (x86)/Microsoft Visual Studio/2022/Community/Common7/IDE/CommonExtensions/Microsoft/CMake/Ninja/ninja.exe cmTC_41495 && [1/2] Building C object CMakeFiles\cmTC_41495.dir\src.c.obj
cl : Command line warning D9002 : ignoring unknown option '-msse2'
[2/2] Linking C executable cmTC_41495.exe


Source file was:
int main(void) { return 0; }
Performing C SOURCE FILE Test HAVE_MSSE3_SWITCH failed with the following output:
Change Dir: C:/Users/Computer/source/repos/EasonHu2022/QUASARTS/project/QUASARTS/ThirdParty/OpenAL/out/build/x64-Debug/CMakeFiles/CMakeTmp

Run Build Command(s):C:/Program Files (x86)/Microsoft Visual Studio/2022/Community/Common7/IDE/CommonExtensions/Microsoft/CMake/Ninja/ninja.exe cmTC_8b4a6 && [1/2] Building C object CMakeFiles\cmTC_8b4a6.dir\src.c.obj
cl : Command line warning D9002 : ignoring unknown option '-msse3'
[2/2] Linking C executable cmTC_8b4a6.exe


Source file was:
int main(void) { return 0; }
Performing C SOURCE FILE Test HAVE_MSSE4_1_SWITCH failed with the following output:
Change Dir: C:/Users/Computer/source/repos/EasonHu2022/QUASARTS/project/QUASARTS/ThirdParty/OpenAL/out/build/x64-Debug/CMakeFiles/CMakeTmp

Run Build Command(s):C:/Program Files (x86)/Microsoft Visual Studio/2022/Community/Common7/IDE/CommonExtensions/Microsoft/CMake/Ninja/ninja.exe cmTC_a3ad5 && [1/2] Building C object CMakeFiles\cmTC_a3ad5.dir\src.c.obj
cl : Command line warning D9002 : ignoring unknown option '-msse4.1'
[2/2] Linking C executable cmTC_a3ad5.exe


Source file was:
int main(void) { return 0; }
Performing C SOURCE FILE Test HAVE_MFPU_NEON_SWITCH failed with the following output:
Change Dir: C:/Users/Computer/source/repos/EasonHu2022/QUASARTS/project/QUASARTS/ThirdParty/OpenAL/out/build/x64-Debug/CMakeFiles/CMakeTmp

Run Build Command(s):C:/Program Files (x86)/Microsoft Visual Studio/2022/Community/Common7/IDE/CommonExtensions/Microsoft/CMake/Ninja/ninja.exe cmTC_6d1a3 && [1/2] Building C object CMakeFiles\cmTC_6d1a3.dir\src.c.obj
cl : Command line warning D9002 : ignoring unknown option '-mfpu=neon'
[2/2] Linking C executable cmTC_6d1a3.exe


Source file was:
int main(void) { return 0; }
Performing C SOURCE FILE Test HAVE_GCC_FORMAT failed with the following output:
Change Dir: C:/Users/Computer/source/repos/EasonHu2022/QUASARTS/project/QUASARTS/ThirdParty/OpenAL/out/build/x64-Debug/CMakeFiles/CMakeTmp

Run Build Command(s):C:/Program Files (x86)/Microsoft Visual Studio/2022/Community/Common7/IDE/CommonExtensions/Microsoft/CMake/Ninja/ninja.exe cmTC_5e369 && [1/2] Building C object CMakeFiles\cmTC_5e369.dir\src.c.obj
FAILED: CMakeFiles/cmTC_5e369.dir/src.c.obj 
C:\PROGRA~2\MICROS~3\2022\COMMUN~1\VC\Tools\MSVC\1430~1.307\bin\Hostx64\x64\cl.exe  /nologo -DHAVE_GCC_FORMAT  /DWIN32 /D_WINDOWS /W3  -D_LARGEFILE_SOURCE -D_LARGE_FILES /MDd /Zi /Ob0 /Od /RTC1 /showIncludes /FoCMakeFiles\cmTC_5e369.dir\src.c.obj /FdCMakeFiles\cmTC_5e369.dir\ /FS -c C:\Users\Computer\source\repos\EasonHu2022\QUASARTS\project\QUASARTS\ThirdParty\OpenAL\out\build\x64-Debug\CMakeFiles\CMakeTmp\src.c
C:\Users\Computer\source\repos\EasonHu2022\QUASARTS\project\QUASARTS\ThirdParty\OpenAL\out\build\x64-Debug\CMakeFiles\CMakeTmp\src.c(1): error C2061: syntax error: identifier '__attribute__'
C:\Users\Computer\source\repos\EasonHu2022\QUASARTS\project\QUASARTS\ThirdParty\OpenAL\out\build\x64-Debug\CMakeFiles\CMakeTmp\src.c(1): error C2059: syntax error: ';'
C:\Users\Computer\source\repos\EasonHu2022\QUASARTS\project\QUASARTS\ThirdParty\OpenAL\out\build\x64-Debug\CMakeFiles\CMakeTmp\src.c(1): error C2059: syntax error: 'constant'
ninja: build stopped: subcommand failed.


Source file was:
int foo(const char *str, ...) __attribute__((format(printf, 1, 2)));
                         int main() {return 0;}
Determining if the include file stdalign.h exists failed with the following output:
Change Dir: C:/Users/Computer/source/repos/EasonHu2022/QUASARTS/project/QUASARTS/ThirdParty/OpenAL/out/build/x64-Debug/CMakeFiles/CMakeTmp

Run Build Command(s):C:/Program Files (x86)/Microsoft Visual Studio/2022/Community/Common7/IDE/CommonExtensions/Microsoft/CMake/Ninja/ninja.exe cmTC_51425 && [1/2] Building C object CMakeFiles\cmTC_51425.dir\CheckIncludeFile.c.obj
FAILED: CMakeFiles/cmTC_51425.dir/CheckIncludeFile.c.obj 
C:\PROGRA~2\MICROS~3\2022\COMMUN~1\VC\Tools\MSVC\1430~1.307\bin\Hostx64\x64\cl.exe  /nologo   /DWIN32 /D_WINDOWS /W3  -D_LARGEFILE_SOURCE -D_LARGE_FILES /MDd /Zi /Ob0 /Od /RTC1 /showIncludes /FoCMakeFiles\cmTC_51425.dir\CheckIncludeFile.c.obj /FdCMakeFiles\cmTC_51425.dir\ /FS -c C:\Users\Computer\source\repos\EasonHu2022\QUASARTS\project\QUASARTS\ThirdParty\OpenAL\out\build\x64-Debug\CMakeFiles\CMakeTmp\CheckIncludeFile.c
C:\Users\Computer\source\repos\EasonHu2022\QUASARTS\project\QUASARTS\ThirdParty\OpenAL\out\build\x64-Debug\CMakeFiles\CMakeTmp\CheckIncludeFile.c(1): fatal error C1083: Cannot open include file: 'stdalign.h': No such file or directory
ninja: build stopped: subcommand failed.



Determining if the include file dirent.h exists failed with the following output:
Change Dir: C:/Users/Computer/source/repos/EasonHu2022/QUASARTS/project/QUASARTS/ThirdParty/OpenAL/out/build/x64-Debug/CMakeFiles/CMakeTmp

Run Build Command(s):C:/Program Files (x86)/Microsoft Visual Studio/2022/Community/Common7/IDE/CommonExtensions/Microsoft/CMake/Ninja/ninja.exe cmTC_f0274 && [1/2] Building C object CMakeFiles\cmTC_f0274.dir\CheckIncludeFile.c.obj
FAILED: CMakeFiles/cmTC_f0274.dir/CheckIncludeFile.c.obj 
C:\PROGRA~2\MICROS~3\2022\COMMUN~1\VC\Tools\MSVC\1430~1.307\bin\Hostx64\x64\cl.exe  /nologo   /DWIN32 /D_WINDOWS /W3  -D_LARGEFILE_SOURCE -D_LARGE_FILES /MDd /Zi /Ob0 /Od /RTC1 /showIncludes /FoCMakeFiles\cmTC_f0274.dir\CheckIncludeFile.c.obj /FdCMakeFiles\cmTC_f0274.dir\ /FS -c C:\Users\Computer\source\repos\EasonHu2022\QUASARTS\project\QUASARTS\ThirdParty\OpenAL\out\build\x64-Debug\CMakeFiles\CMakeTmp\CheckIncludeFile.c
C:\Users\Computer\source\repos\EasonHu2022\QUASARTS\project\QUASARTS\ThirdParty\OpenAL\out\build\x64-Debug\CMakeFiles\CMakeTmp\CheckIncludeFile.c(1): fatal error C1083: Cannot open include file: 'dirent.h': No such file or directory
ninja: build stopped: subcommand failed.



Determining if the include file strings.h exists failed with the following output:
Change Dir: C:/Users/Computer/source/repos/EasonHu2022/QUASARTS/project/QUASARTS/ThirdParty/OpenAL/out/build/x64-Debug/CMakeFiles/CMakeTmp

Run Build Command(s):C:/Program Files (x86)/Microsoft Visual Studio/2022/Community/Common7/IDE/CommonExtensions/Microsoft/CMake/Ninja/ninja.exe cmTC_c87af && [1/2] Building C object CMakeFiles\cmTC_c87af.dir\CheckIncludeFile.c.obj
FAILED: CMakeFiles/cmTC_c87af.dir/CheckIncludeFile.c.obj 
C:\PROGRA~2\MICROS~3\2022\COMMUN~1\VC\Tools\MSVC\1430~1.307\bin\Hostx64\x64\cl.exe  /nologo   /DWIN32 /D_WINDOWS /W3  -D_LARGEFILE_SOURCE -D_LARGE_FILES /MDd /Zi /Ob0 /Od /RTC1 /showIncludes /FoCMakeFiles\cmTC_c87af.dir\CheckIncludeFile.c.obj /FdCMakeFiles\cmTC_c87af.dir\ /FS -c C:\Users\Computer\source\repos\EasonHu2022\QUASARTS\project\QUASARTS\ThirdParty\OpenAL\out\build\x64-Debug\CMakeFiles\CMakeTmp\CheckIncludeFile.c
C:\Users\Computer\source\repos\EasonHu2022\QUASARTS\project\QUASARTS\ThirdParty\OpenAL\out\build\x64-Debug\CMakeFiles\CMakeTmp\CheckIncludeFile.c(1): fatal error C1083: Cannot open include file: 'strings.h': No such file or directory
ninja: build stopped: subcommand failed.



Determining if the include file cpuid.h exists failed with the following output:
Change Dir: C:/Users/Computer/source/repos/EasonHu2022/QUASARTS/project/QUASARTS/ThirdParty/OpenAL/out/build/x64-Debug/CMakeFiles/CMakeTmp

Run Build Command(s):C:/Program Files (x86)/Microsoft Visual Studio/2022/Community/Common7/IDE/CommonExtensions/Microsoft/CMake/Ninja/ninja.exe cmTC_1b4fc && [1/2] Building C object CMakeFiles\cmTC_1b4fc.dir\CheckIncludeFile.c.obj
FAILED: CMakeFiles/cmTC_1b4fc.dir/CheckIncludeFile.c.obj 
C:\PROGRA~2\MICROS~3\2022\COMMUN~1\VC\Tools\MSVC\1430~1.307\bin\Hostx64\x64\cl.exe  /nologo   /DWIN32 /D_WINDOWS /W3  -D_LARGEFILE_SOURCE -D_LARGE_FILES /MDd /Zi /Ob0 /Od /RTC1 /showIncludes /FoCMakeFiles\cmTC_1b4fc.dir\CheckIncludeFile.c.obj /FdCMakeFiles\cmTC_1b4fc.dir\ /FS -c C:\Users\Computer\source\repos\EasonHu2022\QUASARTS\project\QUASARTS\ThirdParty\OpenAL\out\build\x64-Debug\CMakeFiles\CMakeTmp\CheckIncludeFile.c
C:\Users\Computer\source\repos\EasonHu2022\QUASARTS\project\QUASARTS\ThirdParty\OpenAL\out\build\x64-Debug\CMakeFiles\CMakeTmp\CheckIncludeFile.c(1): fatal error C1083: Cannot open include file: 'cpuid.h': No such file or directory
ninja: build stopped: subcommand failed.



Determining if the include file sys/sysconf.h exists failed with the following output:
Change Dir: C:/Users/Computer/source/repos/EasonHu2022/QUASARTS/project/QUASARTS/ThirdParty/OpenAL/out/build/x64-Debug/CMakeFiles/CMakeTmp

Run Build Command(s):C:/Program Files (x86)/Microsoft Visual Studio/2022/Community/Common7/IDE/CommonExtensions/Microsoft/CMake/Ninja/ninja.exe cmTC_dacdd && [1/2] Building C object CMakeFiles\cmTC_dacdd.dir\CheckIncludeFile.c.obj
FAILED: CMakeFiles/cmTC_dacdd.dir/CheckIncludeFile.c.obj 
C:\PROGRA~2\MICROS~3\2022\COMMUN~1\VC\Tools\MSVC\1430~1.307\bin\Hostx64\x64\cl.exe  /nologo   /DWIN32 /D_WINDOWS /W3  -D_LARGEFILE_SOURCE -D_LARGE_FILES /MDd /Zi /Ob0 /Od /RTC1 /showIncludes /FoCMakeFiles\cmTC_dacdd.dir\CheckIncludeFile.c.obj /FdCMakeFiles\cmTC_dacdd.dir\ /FS -c C:\Users\Computer\source\repos\EasonHu2022\QUASARTS\project\QUASARTS\ThirdParty\OpenAL\out\build\x64-Debug\CMakeFiles\CMakeTmp\CheckIncludeFile.c
C:\Users\Computer\source\repos\EasonHu2022\QUASARTS\project\QUASARTS\ThirdParty\OpenAL\out\build\x64-Debug\CMakeFiles\CMakeTmp\CheckIncludeFile.c(1): fatal error C1083: Cannot open include file: 'sys/sysconf.h': No such file or directory
ninja: build stopped: subcommand failed.



Determining if the include file ieeefp.h exists failed with the following output:
Change Dir: C:/Users/Computer/source/repos/EasonHu2022/QUASARTS/project/QUASARTS/ThirdParty/OpenAL/out/build/x64-Debug/CMakeFiles/CMakeTmp

Run Build Command(s):C:/Program Files (x86)/Microsoft Visual Studio/2022/Community/Common7/IDE/CommonExtensions/Microsoft/CMake/Ninja/ninja.exe cmTC_33724 && [1/2] Building C object CMakeFiles\cmTC_33724.dir\CheckIncludeFile.c.obj
FAILED: CMakeFiles/cmTC_33724.dir/CheckIncludeFile.c.obj 
C:\PROGRA~2\MICROS~3\2022\COMMUN~1\VC\Tools\MSVC\1430~1.307\bin\Hostx64\x64\cl.exe  /nologo   /DWIN32 /D_WINDOWS /W3  -D_LARGEFILE_SOURCE -D_LARGE_FILES /MDd /Zi /Ob0 /Od /RTC1 /showIncludes /FoCMakeFiles\cmTC_33724.dir\CheckIncludeFile.c.obj /FdCMakeFiles\cmTC_33724.dir\ /FS -c C:\Users\Computer\source\repos\EasonHu2022\QUASARTS\project\QUASARTS\ThirdParty\OpenAL\out\build\x64-Debug\CMakeFiles\CMakeTmp\CheckIncludeFile.c
C:\Users\Computer\source\repos\EasonHu2022\QUASARTS\project\QUASARTS\ThirdParty\OpenAL\out\build\x64-Debug\CMakeFiles\CMakeTmp\CheckIncludeFile.c(1): fatal error C1083: Cannot open include file: 'ieeefp.h': No such file or directory
ninja: build stopped: subcommand failed.



Determining if the function pow exists in the m failed with the following output:
Change Dir: C:/Users/Computer/source/repos/EasonHu2022/QUASARTS/project/QUASARTS/ThirdParty/OpenAL/out/build/x64-Debug/CMakeFiles/CMakeTmp

Run Build Command(s):C:/Program Files (x86)/Microsoft Visual Studio/2022/Community/Common7/IDE/CommonExtensions/Microsoft/CMake/Ninja/ninja.exe cmTC_57c1b && [1/2] Building C object CMakeFiles\cmTC_57c1b.dir\CheckFunctionExists.c.obj
[2/2] Linking C executable cmTC_57c1b.exe
FAILED: cmTC_57c1b.exe 
cmd.exe /C "cd . && "C:\Program Files (x86)\Microsoft Visual Studio\2022\Community\Common7\IDE\CommonExtensions\Microsoft\CMake\CMake\bin\cmake.exe" -E vs_link_exe --intdir=CMakeFiles\cmTC_57c1b.dir --rc=C:\PROGRA~2\WI3CF2~1\10\bin\100190~1.0\x64\rc.exe --mt=C:\PROGRA~2\WI3CF2~1\10\bin\100190~1.0\x64\mt.exe --manifests  -- C:\PROGRA~2\MICROS~3\2022\COMMUN~1\VC\Tools\MSVC\1430~1.307\bin\Hostx64\x64\link.exe /nologo CMakeFiles\cmTC_57c1b.dir\CheckFunctionExists.c.obj  /out:cmTC_57c1b.exe /implib:cmTC_57c1b.lib /pdb:cmTC_57c1b.pdb /version:0.0 /machine:x64  /debug /INCREMENTAL /subsystem:console  m.lib  kernel32.lib user32.lib gdi32.lib winspool.lib shell32.lib ole32.lib oleaut32.lib uuid.lib comdlg32.lib advapi32.lib && cd ."
LINK Pass 1: command "C:\PROGRA~2\MICROS~3\2022\COMMUN~1\VC\Tools\MSVC\1430~1.307\bin\Hostx64\x64\link.exe /nologo CMakeFiles\cmTC_57c1b.dir\CheckFunctionExists.c.obj /out:cmTC_57c1b.exe /implib:cmTC_57c1b.lib /pdb:cmTC_57c1b.pdb /version:0.0 /machine:x64 /debug /INCREMENTAL /subsystem:console m.lib kernel32.lib user32.lib gdi32.lib winspool.lib shell32.lib ole32.lib oleaut32.lib uuid.lib comdlg32.lib advapi32.lib /MANIFEST /MANIFESTFILE:CMakeFiles\cmTC_57c1b.dir/intermediate.manifest CMakeFiles\cmTC_57c1b.dir/manifest.res" failed (exit code 1104) with the following output:
LINK : fatal error LNK1104: cannot open file 'm.lib'
ninja: build stopped: subcommand failed.



Determining if the sysconf exist failed with the following output:
Change Dir: C:/Users/Computer/source/repos/EasonHu2022/QUASARTS/project/QUASARTS/ThirdParty/OpenAL/out/build/x64-Debug/CMakeFiles/CMakeTmp

Run Build Command(s):C:/Program Files (x86)/Microsoft Visual Studio/2022/Community/Common7/IDE/CommonExtensions/Microsoft/CMake/Ninja/ninja.exe cmTC_aed95 && [1/2] Building C object CMakeFiles\cmTC_aed95.dir\CheckSymbolExists.c.obj
FAILED: CMakeFiles/cmTC_aed95.dir/CheckSymbolExists.c.obj 
C:\PROGRA~2\MICROS~3\2022\COMMUN~1\VC\Tools\MSVC\1430~1.307\bin\Hostx64\x64\cl.exe  /nologo   /DWIN32 /D_WINDOWS /W3  -D_LARGEFILE_SOURCE -D_LARGE_FILES /MDd /Zi /Ob0 /Od /RTC1 /showIncludes /FoCMakeFiles\cmTC_aed95.dir\CheckSymbolExists.c.obj /FdCMakeFiles\cmTC_aed95.dir\ /FS -c C:\Users\Computer\source\repos\EasonHu2022\QUASARTS\project\QUASARTS\ThirdParty\OpenAL\out\build\x64-Debug\CMakeFiles\CMakeTmp\CheckSymbolExists.c
C:\Users\Computer\source\repos\EasonHu2022\QUASARTS\project\QUASARTS\ThirdParty\OpenAL\out\build\x64-Debug\CMakeFiles\CMakeTmp\CheckSymbolExists.c(2): fatal error C1083: Cannot open include file: 'unistd.h': No such file or directory
ninja: build stopped: subcommand failed.


File C:/Users/Computer/source/repos/EasonHu2022/QUASARTS/project/QUASARTS/ThirdParty/OpenAL/out/build/x64-Debug/CMakeFiles/CMakeTmp/CheckSymbolExists.c:
/* */
#include <unistd.h>

int main(int argc, char** argv)
{
  (void)argv;
#ifndef sysconf
  return ((int*)(&sysconf))[argc];
#else
  (void)argc;
  return 0;
#endif
}
Determining if the aligned_alloc exist failed with the following output:
Change Dir: C:/Users/Computer/source/repos/EasonHu2022/QUASARTS/project/QUASARTS/ThirdParty/OpenAL/out/build/x64-Debug/CMakeFiles/CMakeTmp

Run Build Command(s):C:/Program Files (x86)/Microsoft Visual Studio/2022/Community/Common7/IDE/CommonExtensions/Microsoft/CMake/Ninja/ninja.exe cmTC_8744b && [1/2] Building C object CMakeFiles\cmTC_8744b.dir\CheckSymbolExists.c.obj
FAILED: CMakeFiles/cmTC_8744b.dir/CheckSymbolExists.c.obj 
C:\PROGRA~2\MICROS~3\2022\COMMUN~1\VC\Tools\MSVC\1430~1.307\bin\Hostx64\x64\cl.exe  /nologo   /DWIN32 /D_WINDOWS /W3  -D_LARGEFILE_SOURCE -D_LARGE_FILES /MDd /Zi /Ob0 /Od /RTC1 /showIncludes /FoCMakeFiles\cmTC_8744b.dir\CheckSymbolExists.c.obj /FdCMakeFiles\cmTC_8744b.dir\ /FS -c C:\Users\Computer\source\repos\EasonHu2022\QUASARTS\project\QUASARTS\ThirdParty\OpenAL\out\build\x64-Debug\CMakeFiles\CMakeTmp\CheckSymbolExists.c
C:\Users\Computer\source\repos\EasonHu2022\QUASARTS\project\QUASARTS\ThirdParty\OpenAL\out\build\x64-Debug\CMakeFiles\CMakeTmp\CheckSymbolExists.c(8): error C2065: 'aligned_alloc': undeclared identifier
ninja: build stopped: subcommand failed.


File C:/Users/Computer/source/repos/EasonHu2022/QUASARTS/project/QUASARTS/ThirdParty/OpenAL/out/build/x64-Debug/CMakeFiles/CMakeTmp/CheckSymbolExists.c:
/* */
#include <stdlib.h>

int main(int argc, char** argv)
{
  (void)argv;
#ifndef aligned_alloc
  return ((int*)(&aligned_alloc))[argc];
#else
  (void)argc;
  return 0;
#endif
}
Determining if the posix_memalign exist failed with the following output:
Change Dir: C:/Users/Computer/source/repos/EasonHu2022/QUASARTS/project/QUASARTS/ThirdParty/OpenAL/out/build/x64-Debug/CMakeFiles/CMakeTmp

Run Build Command(s):C:/Program Files (x86)/Microsoft Visual Studio/2022/Community/Common7/IDE/CommonExtensions/Microsoft/CMake/Ninja/ninja.exe cmTC_e6431 && [1/2] Building C object CMakeFiles\cmTC_e6431.dir\CheckSymbolExists.c.obj
FAILED: CMakeFiles/cmTC_e6431.dir/CheckSymbolExists.c.obj 
C:\PROGRA~2\MICROS~3\2022\COMMUN~1\VC\Tools\MSVC\1430~1.307\bin\Hostx64\x64\cl.exe  /nologo   /DWIN32 /D_WINDOWS /W3  -D_LARGEFILE_SOURCE -D_LARGE_FILES /MDd /Zi /Ob0 /Od /RTC1 /showIncludes /FoCMakeFiles\cmTC_e6431.dir\CheckSymbolExists.c.obj /FdCMakeFiles\cmTC_e6431.dir\ /FS -c C:\Users\Computer\source\repos\EasonHu2022\QUASARTS\project\QUASARTS\ThirdParty\OpenAL\out\build\x64-Debug\CMakeFiles\CMakeTmp\CheckSymbolExists.c
C:\Users\Computer\source\repos\EasonHu2022\QUASARTS\project\QUASARTS\ThirdParty\OpenAL\out\build\x64-Debug\CMakeFiles\CMakeTmp\CheckSymbolExists.c(8): error C2065: 'posix_memalign': undeclared identifier
ninja: build stopped: subcommand failed.


File C:/Users/Computer/source/repos/EasonHu2022/QUASARTS/project/QUASARTS/ThirdParty/OpenAL/out/build/x64-Debug/CMakeFiles/CMakeTmp/CheckSymbolExists.c:
/* */
#include <stdlib.h>

int main(int argc, char** argv)
{
  (void)argv;
#ifndef posix_memalign
  return ((int*)(&posix_memalign))[argc];
#else
  (void)argc;
  return 0;
#endif
}
Determining if the proc_pidpath exist failed with the following output:
Change Dir: C:/Users/Computer/source/repos/EasonHu2022/QUASARTS/project/QUASARTS/ThirdParty/OpenAL/out/build/x64-Debug/CMakeFiles/CMakeTmp

Run Build Command(s):C:/Program Files (x86)/Microsoft Visual Studio/2022/Community/Common7/IDE/CommonExtensions/Microsoft/CMake/Ninja/ninja.exe cmTC_6eb1c && [1/2] Building C object CMakeFiles\cmTC_6eb1c.dir\CheckSymbolExists.c.obj
FAILED: CMakeFiles/cmTC_6eb1c.dir/CheckSymbolExists.c.obj 
C:\PROGRA~2\MICROS~3\2022\COMMUN~1\VC\Tools\MSVC\1430~1.307\bin\Hostx64\x64\cl.exe  /nologo   /DWIN32 /D_WINDOWS /W3  -D_LARGEFILE_SOURCE -D_LARGE_FILES /MDd /Zi /Ob0 /Od /RTC1 /showIncludes /FoCMakeFiles\cmTC_6eb1c.dir\CheckSymbolExists.c.obj /FdCMakeFiles\cmTC_6eb1c.dir\ /FS -c C:\Users\Computer\source\repos\EasonHu2022\QUASARTS\project\QUASARTS\ThirdParty\OpenAL\out\build\x64-Debug\CMakeFiles\CMakeTmp\CheckSymbolExists.c
C:\Users\Computer\source\repos\EasonHu2022\QUASARTS\project\QUASARTS\ThirdParty\OpenAL\out\build\x64-Debug\CMakeFiles\CMakeTmp\CheckSymbolExists.c(2): fatal error C1083: Cannot open include file: 'libproc.h': No such file or directory
ninja: build stopped: subcommand failed.


File C:/Users/Computer/source/repos/EasonHu2022/QUASARTS/project/QUASARTS/ThirdParty/OpenAL/out/build/x64-Debug/CMakeFiles/CMakeTmp/CheckSymbolExists.c:
/* */
#include <libproc.h>

int main(int argc, char** argv)
{
  (void)argv;
#ifndef proc_pidpath
  return ((int*)(&proc_pidpath))[argc];
#else
  (void)argc;
  return 0;
#endif
}
Determining if the __control87_2 exist failed with the following output:
Change Dir: C:/Users/Computer/source/repos/EasonHu2022/QUASARTS/project/QUASARTS/ThirdParty/OpenAL/out/build/x64-Debug/CMakeFiles/CMakeTmp

Run Build Command(s):C:/Program Files (x86)/Microsoft Visual Studio/2022/Community/Common7/IDE/CommonExtensions/Microsoft/CMake/Ninja/ninja.exe cmTC_56d57 && [1/2] Building C object CMakeFiles\cmTC_56d57.dir\CheckSymbolExists.c.obj
FAILED: CMakeFiles/cmTC_56d57.dir/CheckSymbolExists.c.obj 
C:\PROGRA~2\MICROS~3\2022\COMMUN~1\VC\Tools\MSVC\1430~1.307\bin\Hostx64\x64\cl.exe  /nologo   /DWIN32 /D_WINDOWS /W3  -D_LARGEFILE_SOURCE -D_LARGE_FILES /MDd /Zi /Ob0 /Od /RTC1 /showIncludes /FoCMakeFiles\cmTC_56d57.dir\CheckSymbolExists.c.obj /FdCMakeFiles\cmTC_56d57.dir\ /FS -c C:\Users\Computer\source\repos\EasonHu2022\QUASARTS\project\QUASARTS\ThirdParty\OpenAL\out\build\x64-Debug\CMakeFiles\CMakeTmp\CheckSymbolExists.c
C:\Users\Computer\source\repos\EasonHu2022\QUASARTS\project\QUASARTS\ThirdParty\OpenAL\out\build\x64-Debug\CMakeFiles\CMakeTmp\CheckSymbolExists.c(8): error C2065: '__control87_2': undeclared identifier
ninja: build stopped: subcommand failed.


File C:/Users/Computer/source/repos/EasonHu2022/QUASARTS/project/QUASARTS/ThirdParty/OpenAL/out/build/x64-Debug/CMakeFiles/CMakeTmp/CheckSymbolExists.c:
/* */
#include <float.h>

int main(int argc, char** argv)
{
  (void)argv;
#ifndef __control87_2
  return ((int*)(&__control87_2))[argc];
#else
  (void)argc;
  return 0;
#endif
}
Determining if the function strcasecmp exists failed with the following output:
Change Dir: C:/Users/Computer/source/repos/EasonHu2022/QUASARTS/project/QUASARTS/ThirdParty/OpenAL/out/build/x64-Debug/CMakeFiles/CMakeTmp

Run Build Command(s):C:/Program Files (x86)/Microsoft Visual Studio/2022/Community/Common7/IDE/CommonExtensions/Microsoft/CMake/Ninja/ninja.exe cmTC_9fe89 && [1/2] Building C object CMakeFiles\cmTC_9fe89.dir\CheckFunctionExists.c.obj
[2/2] Linking C executable cmTC_9fe89.exe
FAILED: cmTC_9fe89.exe 
cmd.exe /C "cd . && "C:\Program Files (x86)\Microsoft Visual Studio\2022\Community\Common7\IDE\CommonExtensions\Microsoft\CMake\CMake\bin\cmake.exe" -E vs_link_exe --intdir=CMakeFiles\cmTC_9fe89.dir --rc=C:\PROGRA~2\WI3CF2~1\10\bin\100190~1.0\x64\rc.exe --mt=C:\PROGRA~2\WI3CF2~1\10\bin\100190~1.0\x64\mt.exe --manifests  -- C:\PROGRA~2\MICROS~3\2022\COMMUN~1\VC\Tools\MSVC\1430~1.307\bin\Hostx64\x64\link.exe /nologo CMakeFiles\cmTC_9fe89.dir\CheckFunctionExists.c.obj  /out:cmTC_9fe89.exe /implib:cmTC_9fe89.lib /pdb:cmTC_9fe89.pdb /version:0.0 /machine:x64  /debug /INCREMENTAL /subsystem:console  kernel32.lib user32.lib gdi32.lib winspool.lib shell32.lib ole32.lib oleaut32.lib uuid.lib comdlg32.lib advapi32.lib && cd ."
LINK Pass 1: command "C:\PROGRA~2\MICROS~3\2022\COMMUN~1\VC\Tools\MSVC\1430~1.307\bin\Hostx64\x64\link.exe /nologo CMakeFiles\cmTC_9fe89.dir\CheckFunctionExists.c.obj /out:cmTC_9fe89.exe /implib:cmTC_9fe89.lib /pdb:cmTC_9fe89.pdb /version:0.0 /machine:x64 /debug /INCREMENTAL /subsystem:console kernel32.lib user32.lib gdi32.lib winspool.lib shell32.lib ole32.lib oleaut32.lib uuid.lib comdlg32.lib advapi32.lib /MANIFEST /MANIFESTFILE:CMakeFiles\cmTC_9fe89.dir/intermediate.manifest CMakeFiles\cmTC_9fe89.dir/manifest.res" failed (exit code 1120) with the following output:
CheckFunctionExists.c.obj : error LNK2019: unresolved external symbol strcasecmp referenced in function main
cmTC_9fe89.exe : fatal error LNK1120: 1 unresolved externals
ninja: build stopped: subcommand failed.



Determining if the function strncasecmp exists failed with the following output:
Change Dir: C:/Users/Computer/source/repos/EasonHu2022/QUASARTS/project/QUASARTS/ThirdParty/OpenAL/out/build/x64-Debug/CMakeFiles/CMakeTmp

Run Build Command(s):C:/Program Files (x86)/Microsoft Visual Studio/2022/Community/Common7/IDE/CommonExtensions/Microsoft/CMake/Ninja/ninja.exe cmTC_bfc3f && [1/2] Building C object CMakeFiles\cmTC_bfc3f.dir\CheckFunctionExists.c.obj
[2/2] Linking C executable cmTC_bfc3f.exe
FAILED: cmTC_bfc3f.exe 
cmd.exe /C "cd . && "C:\Program Files (x86)\Microsoft Visual Studio\2022\Community\Common7\IDE\CommonExtensions\Microsoft\CMake\CMake\bin\cmake.exe" -E vs_link_exe --intdir=CMakeFiles\cmTC_bfc3f.dir --rc=C:\PROGRA~2\WI3CF2~1\10\bin\100190~1.0\x64\rc.exe --mt=C:\PROGRA~2\WI3CF2~1\10\bin\100190~1.0\x64\mt.exe --manifests  -- C:\PROGRA~2\MICROS~3\2022\COMMUN~1\VC\Tools\MSVC\1430~1.307\bin\Hostx64\x64\link.exe /nologo CMakeFiles\cmTC_bfc3f.dir\CheckFunctionExists.c.obj  /out:cmTC_bfc3f.exe /implib:cmTC_bfc3f.lib /pdb:cmTC_bfc3f.pdb /version:0.0 /machine:x64  /debug /INCREMENTAL /subsystem:console  kernel32.lib user32.lib gdi32.lib winspool.lib shell32.lib ole32.lib oleaut32.lib uuid.lib comdlg32.lib advapi32.lib && cd ."
LINK Pass 1: command "C:\PROGRA~2\MICROS~3\2022\COMMUN~1\VC\Tools\MSVC\1430~1.307\bin\Hostx64\x64\link.exe /nologo CMakeFiles\cmTC_bfc3f.dir\CheckFunctionExists.c.obj /out:cmTC_bfc3f.exe /implib:cmTC_bfc3f.lib /pdb:cmTC_bfc3f.pdb /version:0.0 /machine:x64 /debug /INCREMENTAL /subsystem:console kernel32.lib user32.lib gdi32.lib winspool.lib shell32.lib ole32.lib oleaut32.lib uuid.lib comdlg32.lib advapi32.lib /MANIFEST /MANIFESTFILE:CMakeFiles\cmTC_bfc3f.dir/intermediate.manifest CMakeFiles\cmTC_bfc3f.dir/manifest.res" failed (exit code 1120) with the following output:
CheckFunctionExists.c.obj : error LNK2019: unresolved external symbol strncasecmp referenced in function main
cmTC_bfc3f.exe : fatal error LNK1120: 1 unresolved externals
ninja: build stopped: subcommand failed.



Determining if the getopt exist failed with the following output:
Change Dir: C:/Users/Computer/source/repos/EasonHu2022/QUASARTS/project/QUASARTS/ThirdParty/OpenAL/out/build/x64-Debug/CMakeFiles/CMakeTmp

Run Build Command(s):C:/Program Files (x86)/Microsoft Visual Studio/2022/Community/Common7/IDE/CommonExtensions/Microsoft/CMake/Ninja/ninja.exe cmTC_9aaf6 && [1/2] Building C object CMakeFiles\cmTC_9aaf6.dir\CheckSymbolExists.c.obj
FAILED: CMakeFiles/cmTC_9aaf6.dir/CheckSymbolExists.c.obj 
C:\PROGRA~2\MICROS~3\2022\COMMUN~1\VC\Tools\MSVC\1430~1.307\bin\Hostx64\x64\cl.exe  /nologo   /DWIN32 /D_WINDOWS /W3  -D_LARGEFILE_SOURCE -D_LARGE_FILES /MDd /Zi /Ob0 /Od /RTC1 /showIncludes /FoCMakeFiles\cmTC_9aaf6.dir\CheckSymbolExists.c.obj /FdCMakeFiles\cmTC_9aaf6.dir\ /FS -c C:\Users\Computer\source\repos\EasonHu2022\QUASARTS\project\QUASARTS\ThirdParty\OpenAL\out\build\x64-Debug\CMakeFiles\CMakeTmp\CheckSymbolExists.c
C:\Users\Computer\source\repos\EasonHu2022\QUASARTS\project\QUASARTS\ThirdParty\OpenAL\out\build\x64-Debug\CMakeFiles\CMakeTmp\CheckSymbolExists.c(2): fatal error C1083: Cannot open include file: 'unistd.h': No such file or directory
ninja: build stopped: subcommand failed.


File C:/Users/Computer/source/repos/EasonHu2022/QUASARTS/project/QUASARTS/ThirdParty/OpenAL/out/build/x64-Debug/CMakeFiles/CMakeTmp/CheckSymbolExists.c:
/* */
#include <unistd.h>

int main(int argc, char** argv)
{
  (void)argv;
#ifndef getopt
  return ((int*)(&getopt))[argc];
#else
  (void)argc;
  return 0;
#endif
}
Determining if the include file arm_neon.h exists failed with the following output:
Change Dir: C:/Users/Computer/source/repos/EasonHu2022/QUASARTS/project/QUASARTS/ThirdParty/OpenAL/out/build/x64-Debug/CMakeFiles/CMakeTmp

Run Build Command(s):C:/Program Files (x86)/Microsoft Visual Studio/2022/Community/Common7/IDE/CommonExtensions/Microsoft/CMake/Ninja/ninja.exe cmTC_4bee1 && [1/2] Building C object CMakeFiles\cmTC_4bee1.dir\CheckIncludeFile.c.obj
FAILED: CMakeFiles/cmTC_4bee1.dir/CheckIncludeFile.c.obj 
C:\PROGRA~2\MICROS~3\2022\COMMUN~1\VC\Tools\MSVC\1430~1.307\bin\Hostx64\x64\cl.exe  /nologo   /DWIN32 /D_WINDOWS /W3  -D_LARGEFILE_SOURCE -D_LARGE_FILES /MDd /Zi /Ob0 /Od /RTC1 /showIncludes /FoCMakeFiles\cmTC_4bee1.dir\CheckIncludeFile.c.obj /FdCMakeFiles\cmTC_4bee1.dir\ /FS -c C:\Users\Computer\source\repos\EasonHu2022\QUASARTS\project\QUASARTS\ThirdParty\OpenAL\out\build\x64-Debug\CMakeFiles\CMakeTmp\CheckIncludeFile.c
C:\Program Files (x86)\Microsoft Visual Studio\2022\Community\VC\Tools\MSVC\14.30.30705\include\arm_neon.h(21): fatal error C1189: #error:  This header is specific to ARM targets
ninja: build stopped: subcommand failed.



Determining if files SLES/OpenSLES.h;SLES/OpenSLES_Android.h exist failed with the following output:
Change Dir: C:/Users/Computer/source/repos/EasonHu2022/QUASARTS/project/QUASARTS/ThirdParty/OpenAL/out/build/x64-Debug/CMakeFiles/CMakeTmp

Run Build Command(s):C:/Program Files (x86)/Microsoft Visual Studio/2022/Community/Common7/IDE/CommonExtensions/Microsoft/CMake/Ninja/ninja.exe cmTC_a06fd && [1/2] Building C object CMakeFiles\cmTC_a06fd.dir\HAVE_SLES_OPENSLES_ANDROID_H.c.obj
FAILED: CMakeFiles/cmTC_a06fd.dir/HAVE_SLES_OPENSLES_ANDROID_H.c.obj 
C:\PROGRA~2\MICROS~3\2022\COMMUN~1\VC\Tools\MSVC\1430~1.307\bin\Hostx64\x64\cl.exe  /nologo   /DWIN32 /D_WINDOWS /W3  -D_LARGEFILE_SOURCE -D_LARGE_FILES /MDd /Zi /Ob0 /Od /RTC1 /showIncludes /FoCMakeFiles\cmTC_a06fd.dir\HAVE_SLES_OPENSLES_ANDROID_H.c.obj /FdCMakeFiles\cmTC_a06fd.dir\ /FS -c C:\Users\Computer\source\repos\EasonHu2022\QUASARTS\project\QUASARTS\ThirdParty\OpenAL\out\build\x64-Debug\CMakeFiles\CheckIncludeFiles\HAVE_SLES_OPENSLES_ANDROID_H.c
C:\Users\Computer\source\repos\EasonHu2022\QUASARTS\project\QUASARTS\ThirdParty\OpenAL\out\build\x64-Debug\CMakeFiles\CheckIncludeFiles\HAVE_SLES_OPENSLES_ANDROID_H.c(2): fatal error C1083: Cannot open include file: 'SLES/OpenSLES.h': No such file or directory
ninja: build stopped: subcommand failed.


Source:
/* */
#include <SLES/OpenSLES.h>
#include <SLES/OpenSLES_Android.h>


int main(void){return 0;}

Determining if the include file pthread.h exists failed with the following output:
Change Dir: C:/Users/Computer/source/repos/EasonHu2022/QUASARTS/project/QUASARTS/ThirdParty/OpenAL/out/build/x64-Debug/CMakeFiles/CMakeTmp

Run Build Command(s):C:/Program Files (x86)/Microsoft Visual Studio/2022/Community/Common7/IDE/CommonExtensions/Microsoft/CMake/Ninja/ninja.exe cmTC_438a8 && [1/2] Building C object CMakeFiles\cmTC_438a8.dir\CheckIncludeFile.c.obj
FAILED: CMakeFiles/cmTC_438a8.dir/CheckIncludeFile.c.obj 
C:\PROGRA~2\MICROS~3\2022\COMMUN~1\VC\Tools\MSVC\1430~1.307\bin\Hostx64\x64\cl.exe  /nologo   /DWIN32 /D_WINDOWS /W3  -D_LARGEFILE_SOURCE -D_LARGE_FILES /MDd /Zi /Ob0 /Od /RTC1 /showIncludes /FoCMakeFiles\cmTC_438a8.dir\CheckIncludeFile.c.obj /FdCMakeFiles\cmTC_438a8.dir\ /FS -c C:\Users\Computer\source\repos\EasonHu2022\QUASARTS\project\QUASARTS\ThirdParty\OpenAL\out\build\x64-Debug\CMakeFiles\CMakeTmp\CheckIncludeFile.c
C:\Users\Computer\source\repos\EasonHu2022\QUASARTS\project\QUASARTS\ThirdParty\OpenAL\out\build\x64-Debug\CMakeFiles\CMakeTmp\CheckIncludeFile.c(1): fatal error C1083: Cannot open include file: 'pthread.h': No such file or directory
ninja: build stopped: subcommand failed.



